C:\USERS\JUAN\DOCUMENTS\TALLER DE PROGRAMACIóN I\SERVER\DEBUG\MUNICION.OBJ
C:\USERS\JUAN\DOCUMENTS\TALLER DE PROGRAMACIóN I\SERVER\DEBUG\MUNICION_ATAQUEAEREO.OBJ
C:\USERS\JUAN\DOCUMENTS\TALLER DE PROGRAMACIóN I\SERVER\DEBUG\MUNICION_BAZOOKA.OBJ
C:\USERS\JUAN\DOCUMENTS\TALLER DE PROGRAMACIóN I\SERVER\DEBUG\MUNICION_DINAMITA.OBJ
C:\USERS\JUAN\DOCUMENTS\TALLER DE PROGRAMACIóN I\SERVER\DEBUG\MUNICION_GRANADA.OBJ
C:\USERS\JUAN\DOCUMENTS\TALLER DE PROGRAMACIóN I\SERVER\DEBUG\MUNICION_SANTAGRANADA.OBJ
C:\USERS\JUAN\DOCUMENTS\TALLER DE PROGRAMACIóN I\SERVER\DEBUG\OBJETO.OBJ
C:\USERS\JUAN\DOCUMENTS\TALLER DE PROGRAMACIóN I\SERVER\DEBUG\POLIGONOREGULAR.OBJ
C:\USERS\JUAN\DOCUMENTS\TALLER DE PROGRAMACIóN I\SERVER\DEBUG\PROCESADORDETIERRA.OBJ
C:\USERS\JUAN\DOCUMENTS\TALLER DE PROGRAMACIóN I\SERVER\DEBUG\RECORREDORDEIMAGENES.OBJ
C:\USERS\JUAN\DOCUMENTS\TALLER DE PROGRAMACIóN I\SERVER\DEBUG\RECTANGULO.OBJ
C:\USERS\JUAN\DOCUMENTS\TALLER DE PROGRAMACIóN I\SERVER\DEBUG\LOG.OBJ
C:\USERS\JUAN\DOCUMENTS\TALLER DE PROGRAMACIóN I\SERVER\DEBUG\SOCKET.OBJ
C:\USERS\JUAN\DOCUMENTS\TALLER DE PROGRAMACIóN I\SERVER\DEBUG\CAJAMUNICIONES.OBJ
C:\USERS\JUAN\DOCUMENTS\TALLER DE PROGRAMACIóN I\SERVER\DEBUG\CIRCULO.OBJ
C:\USERS\JUAN\DOCUMENTS\TALLER DE PROGRAMACIóN I\SERVER\DEBUG\CUERPOGUSANO.OBJ
C:\USERS\JUAN\DOCUMENTS\TALLER DE PROGRAMACIóN I\SERVER\DEBUG\MAIN.OBJ
C:\USERS\JUAN\DOCUMENTS\TALLER DE PROGRAMACIóN I\SERVER\DEBUG\MANEJOSERIALIZACIONCLIENTE.OBJ
C:\USERS\JUAN\DOCUMENTS\TALLER DE PROGRAMACIÓN I\SERVER\DEBUG\VC110.PDB
C:\Users\Juan\Documents\Taller de Programación I\Server\Debug\CajaMuniciones.obj
C:\Users\Juan\Documents\Taller de Programación I\Server\Debug\Circulo.obj
C:\Users\Juan\Documents\Taller de Programación I\Server\Debug\CuerpoGusano.obj
C:\Users\Juan\Documents\Taller de Programación I\Server\Debug\Log.obj
C:\Users\Juan\Documents\Taller de Programación I\Server\Debug\main.obj
C:\Users\Juan\Documents\Taller de Programación I\Server\Debug\ManejoSerializacionCliente.obj
C:\Users\Juan\Documents\Taller de Programación I\Server\Debug\Municion.obj
C:\Users\Juan\Documents\Taller de Programación I\Server\Debug\Municion_AtaqueAereo.obj
C:\Users\Juan\Documents\Taller de Programación I\Server\Debug\Municion_Bazooka.obj
C:\Users\Juan\Documents\Taller de Programación I\Server\Debug\Municion_Dinamita.obj
C:\Users\Juan\Documents\Taller de Programación I\Server\Debug\Municion_Granada.obj
C:\Users\Juan\Documents\Taller de Programación I\Server\Debug\Municion_SantaGranada.obj
C:\Users\Juan\Documents\Taller de Programación I\Server\Debug\Objeto.obj
C:\Users\Juan\Documents\Taller de Programación I\Server\Debug\PoligonoRegular.obj
C:\Users\Juan\Documents\Taller de Programación I\Server\Debug\ProcesadorDeTierra.obj
C:\Users\Juan\Documents\Taller de Programación I\Server\Debug\RecorredorDeImagenes.obj
C:\Users\Juan\Documents\Taller de Programación I\Server\Debug\Rectangulo.obj
C:\Users\Juan\Documents\Taller de Programación I\Server\Debug\Socket.obj
C:\Users\Juan\Documents\Taller de Programación I\Server\Debug\cl.command.1.tlog
C:\Users\Juan\Documents\Taller de Programación I\Server\Debug\CL.read.1.tlog
C:\Users\Juan\Documents\Taller de Programación I\Server\Debug\CL.write.1.tlog
C:\Users\Juan\Documents\Taller de Programación I\Server\Debug\vc110.idb
C:\Users\Juan\Documents\Taller de Programación I\Server\Debug\vc110.pdb
