Compilación iniciada a las 14/06/2014 17:10:41.
     1>Proyecto "C:\Users\Juan\Documents\Taller de Programación I\Cliente\Cliente 2.vcxproj" en el nodo 2 (Build destinos).
     1>ClCompile:
         C:\Program Files (x86)\Microsoft Visual Studio 11.0\VC\bin\CL.exe /c /I./include/ /I./ /ZI /nologo /W3 /WX- /sdl /Od /Oy- /D _MBCS /D _MBCS /D _CRT_SECURE_NO_WARNINGS /Gm /EHsc /RTC1 /MDd /GS /fp:precise /Zc:wchar_t /Zc:forScope /Fo"Debug\\" /Fd"Debug\vc110.pdb" /Gd /TP /analyze- /errorReport:prompt Cliente.cpp
         Cliente.cpp
     1>c:\users\juan\documents\taller de programación i\cliente\recorredordeimagenes.h(64): warning C4244: 'return' : conversión de 'int' a 'float'; posible pérdida de datos
     1>c:\users\juan\documents\taller de programación i\cliente\recorredordeimagenes.h(65): warning C4244: 'return' : conversión de 'int' a 'float'; posible pérdida de datos
     1>c:\users\juan\documents\taller de programación i\cliente\log.h(4): warning C4005: '_CRT_SECURE_NO_WARNINGS' : redefinición de macro
                 argumentos de la línea de comandos :  vea la definición anterior de '_CRT_SECURE_NO_WARNINGS'
     1>c:\users\juan\documents\taller de programación i\cliente\manejoserializacionservidor.h(3): warning C4005: '_CRT_SECURE_NO_WARNINGS' : redefinición de macro
                 c:\users\juan\documents\taller de programación i\cliente\log.h(4) : vea la definición anterior de '_CRT_SECURE_NO_WARNINGS'
     1>c:\users\juan\documents\taller de programación i\cliente\cliente.cpp(12): warning C4018: '<' : no coinciden signed/unsigned
     1>c:\users\juan\documents\taller de programación i\cliente\cliente.cpp(306): warning C4244: 'argumento' : conversión de 'int' a 'float'; posible pérdida de datos
     1>c:\users\juan\documents\taller de programación i\cliente\cliente.cpp(307): warning C4244: 'argumento' : conversión de 'int' a 'float'; posible pérdida de datos
     1>c:\users\juan\documents\taller de programación i\cliente\cliente.cpp(440): warning C4244: 'inicializando' : conversión de 'float' a 'int'; posible pérdida de datos
     1>c:\users\juan\documents\taller de programación i\cliente\cliente.cpp(441): warning C4244: 'inicializando' : conversión de 'float' a 'int'; posible pérdida de datos
     1>c:\users\juan\documents\taller de programación i\cliente\cliente.cpp(492): warning C4018: '<' : no coinciden signed/unsigned
     1>c:\users\juan\documents\taller de programación i\cliente\cliente.cpp(533): warning C4018: '<' : no coinciden signed/unsigned
     1>c:\users\juan\documents\taller de programación i\cliente\cliente.cpp(533): warning C4244: '+=' : conversión de 'double' a 'int'; posible pérdida de datos
       Link:
         C:\Program Files (x86)\Microsoft Visual Studio 11.0\VC\bin\link.exe /ERRORREPORT:PROMPT /OUT:"C:\Users\Juan\Documents\Taller de Programación I\Cliente\Debug\Cliente 2.exe" /INCREMENTAL /NOLOGO /LIBPATH:./lib Box2D.lib SDL2.lib SDL2main.lib SDL2_image.lib "yaml-cpp.lib" C:\MinGW\lib\libwsock32.a C:\MinGW\lib\libws2_32.a C:\MinGW\lib\gcc\mingw32\4.7.0\libgcc.a SDL2_ttf.lib SDL2_mixer.lib kernel32.lib user32.lib gdi32.lib winspool.lib comdlg32.lib advapi32.lib shell32.lib ole32.lib oleaut32.lib uuid.lib odbc32.lib odbccp32.lib /MANIFEST /MANIFESTUAC:"level='asInvoker' uiAccess='false'" /manifest:embed /DEBUG /PDB:"C:\Users\Juan\Documents\Taller de Programación I\Cliente\Debug\Cliente 2.pdb" /SUBSYSTEM:CONSOLE /TLBID:1 /DYNAMICBASE /NXCOMPAT /IMPLIB:"C:\Users\Juan\Documents\Taller de Programación I\Cliente\Debug\Cliente 2.lib" /MACHINE:X86 Debug\Circulo.obj
         Debug\Cliente.obj
         Debug\CuerpoGusano.obj
         Debug\Escenario.obj
         Debug\Explosion.obj
         Debug\Gusano.obj
         Debug\ManejoSerializacionCliente.obj
         Debug\ManejoSerializacionServidor.obj
         Debug\MenuDeArmas.obj
         Debug\Objeto.obj
         Debug\Parseador.obj
         Debug\Poligono.obj
         Debug\PoligonoRegular.obj
         Debug\ProcesadorDeTierra.obj
         Debug\RecorredorDeImagenes.obj
         Debug\Rectangulo.obj
         Debug\SDL2_framerate.obj
         Debug\SDL2_gfxPrimitives.obj
         Debug\SDL2_imageFilter.obj
         Debug\SDL2_rotozoom.obj
         Debug\Log.obj
         Debug\SocketCliente.obj
         Debug\Sonido.obj
         Debug\Tierra.obj
     1>LINK : fatal error LNK1168: no se puede abrir C:\Users\Juan\Documents\Taller de Programación I\Cliente\Debug\Cliente 2.exe para escritura
     1>Compilación del proyecto terminada "C:\Users\Juan\Documents\Taller de Programación I\Cliente\Cliente 2.vcxproj" (Build destinos) -- ERROR.

ERROR al compilar.

Tiempo transcurrido 00:00:04.01
