C:\USERS\JUAN\DOCUMENTS\TALLER DE PROGRAMACIóN I\CLIENTE\DEBUG\CIRCULO.OBJ
C:\USERS\JUAN\DOCUMENTS\TALLER DE PROGRAMACIóN I\CLIENTE\DEBUG\CLIENTE.OBJ
C:\USERS\JUAN\DOCUMENTS\TALLER DE PROGRAMACIóN I\CLIENTE\DEBUG\CUERPOGUSANO.OBJ
C:\USERS\JUAN\DOCUMENTS\TALLER DE PROGRAMACIóN I\CLIENTE\DEBUG\ESCENARIO.OBJ
C:\USERS\JUAN\DOCUMENTS\TALLER DE PROGRAMACIóN I\CLIENTE\DEBUG\EXPLOSION.OBJ
C:\USERS\JUAN\DOCUMENTS\TALLER DE PROGRAMACIóN I\CLIENTE\DEBUG\GUSANO.OBJ
C:\USERS\JUAN\DOCUMENTS\TALLER DE PROGRAMACIóN I\CLIENTE\DEBUG\MANEJOSERIALIZACIONCLIENTE.OBJ
C:\USERS\JUAN\DOCUMENTS\TALLER DE PROGRAMACIóN I\CLIENTE\DEBUG\MANEJOSERIALIZACIONSERVIDOR.OBJ
C:\USERS\JUAN\DOCUMENTS\TALLER DE PROGRAMACIóN I\CLIENTE\DEBUG\MENUDEARMAS.OBJ
C:\USERS\JUAN\DOCUMENTS\TALLER DE PROGRAMACIóN I\CLIENTE\DEBUG\OBJETO.OBJ
C:\USERS\JUAN\DOCUMENTS\TALLER DE PROGRAMACIóN I\CLIENTE\DEBUG\PARSEADOR.OBJ
C:\USERS\JUAN\DOCUMENTS\TALLER DE PROGRAMACIóN I\CLIENTE\DEBUG\POLIGONO.OBJ
C:\USERS\JUAN\DOCUMENTS\TALLER DE PROGRAMACIóN I\CLIENTE\DEBUG\POLIGONOREGULAR.OBJ
C:\USERS\JUAN\DOCUMENTS\TALLER DE PROGRAMACIóN I\CLIENTE\DEBUG\PROCESADORDETIERRA.OBJ
C:\USERS\JUAN\DOCUMENTS\TALLER DE PROGRAMACIóN I\CLIENTE\DEBUG\RECORREDORDEIMAGENES.OBJ
C:\USERS\JUAN\DOCUMENTS\TALLER DE PROGRAMACIóN I\CLIENTE\DEBUG\RECTANGULO.OBJ
C:\USERS\JUAN\DOCUMENTS\TALLER DE PROGRAMACIóN I\CLIENTE\DEBUG\LOG.OBJ
C:\USERS\JUAN\DOCUMENTS\TALLER DE PROGRAMACIóN I\CLIENTE\DEBUG\SOCKETCLIENTE.OBJ
C:\USERS\JUAN\DOCUMENTS\TALLER DE PROGRAMACIóN I\CLIENTE\DEBUG\SONIDO.OBJ
C:\USERS\JUAN\DOCUMENTS\TALLER DE PROGRAMACIóN I\CLIENTE\DEBUG\TIERRA.OBJ
C:\USERS\JUAN\DOCUMENTS\TALLER DE PROGRAMACIÓN I\CLIENTE\DEBUG\VC110.PDB
C:\USERS\JUAN\DOCUMENTS\TALLER DE PROGRAMACIóN I\CLIENTE\DEBUG\SDL2_FRAMERATE.OBJ
C:\USERS\JUAN\DOCUMENTS\TALLER DE PROGRAMACIóN I\CLIENTE\DEBUG\SDL2_GFXPRIMITIVES.OBJ
C:\USERS\JUAN\DOCUMENTS\TALLER DE PROGRAMACIóN I\CLIENTE\DEBUG\SDL2_IMAGEFILTER.OBJ
C:\USERS\JUAN\DOCUMENTS\TALLER DE PROGRAMACIóN I\CLIENTE\DEBUG\SDL2_ROTOZOOM.OBJ
C:\USERS\JUAN\DOCUMENTS\TALLER DE PROGRAMACIóN I\CLIENTE\DEBUG\TPWORMS.ILK
C:\USERS\JUAN\DOCUMENTS\TALLER DE PROGRAMACIóN I\CLIENTE\DEBUG\TPWORMS.EXE
C:\USERS\JUAN\DOCUMENTS\TALLER DE PROGRAMACIÓN I\CLIENTE\DEBUG\TPWORMS.PDB
C:\Users\Juan\Documents\Taller de Programación I\Cliente\Debug\Circulo.obj
C:\Users\Juan\Documents\Taller de Programación I\Cliente\Debug\Cliente.obj
C:\Users\Juan\Documents\Taller de Programación I\Cliente\Debug\CuerpoGusano.obj
C:\Users\Juan\Documents\Taller de Programación I\Cliente\Debug\Escenario.obj
C:\Users\Juan\Documents\Taller de Programación I\Cliente\Debug\Explosion.obj
C:\Users\Juan\Documents\Taller de Programación I\Cliente\Debug\Gusano.obj
C:\Users\Juan\Documents\Taller de Programación I\Cliente\Debug\Log.obj
C:\Users\Juan\Documents\Taller de Programación I\Cliente\Debug\ManejoSerializacionCliente.obj
C:\Users\Juan\Documents\Taller de Programación I\Cliente\Debug\ManejoSerializacionServidor.obj
C:\Users\Juan\Documents\Taller de Programación I\Cliente\Debug\MenuDeArmas.obj
C:\Users\Juan\Documents\Taller de Programación I\Cliente\Debug\Objeto.obj
C:\Users\Juan\Documents\Taller de Programación I\Cliente\Debug\Parseador.obj
C:\Users\Juan\Documents\Taller de Programación I\Cliente\Debug\Poligono.obj
C:\Users\Juan\Documents\Taller de Programación I\Cliente\Debug\PoligonoRegular.obj
C:\Users\Juan\Documents\Taller de Programación I\Cliente\Debug\ProcesadorDeTierra.obj
C:\Users\Juan\Documents\Taller de Programación I\Cliente\Debug\RecorredorDeImagenes.obj
C:\Users\Juan\Documents\Taller de Programación I\Cliente\Debug\Rectangulo.obj
C:\Users\Juan\Documents\Taller de Programación I\Cliente\Debug\SDL2_framerate.obj
C:\Users\Juan\Documents\Taller de Programación I\Cliente\Debug\SDL2_gfxPrimitives.obj
C:\Users\Juan\Documents\Taller de Programación I\Cliente\Debug\SDL2_imageFilter.obj
C:\Users\Juan\Documents\Taller de Programación I\Cliente\Debug\SDL2_rotozoom.obj
C:\Users\Juan\Documents\Taller de Programación I\Cliente\Debug\SocketCliente.obj
C:\Users\Juan\Documents\Taller de Programación I\Cliente\Debug\Sonido.obj
C:\Users\Juan\Documents\Taller de Programación I\Cliente\Debug\Tierra.obj
C:\Users\Juan\Documents\Taller de Programación I\Cliente\Debug\TpWorms.ilk
C:\Users\Juan\Documents\Taller de Programación I\Cliente\Debug\cl.command.1.tlog
C:\Users\Juan\Documents\Taller de Programación I\Cliente\Debug\CL.read.1.tlog
C:\Users\Juan\Documents\Taller de Programación I\Cliente\Debug\CL.write.1.tlog
C:\Users\Juan\Documents\Taller de Programación I\Cliente\Debug\link-cvtres.read.1.tlog
C:\Users\Juan\Documents\Taller de Programación I\Cliente\Debug\link-cvtres.write.1.tlog
C:\Users\Juan\Documents\Taller de Programación I\Cliente\Debug\link-rc.read.1.tlog
C:\Users\Juan\Documents\Taller de Programación I\Cliente\Debug\link-rc.write.1.tlog
C:\Users\Juan\Documents\Taller de Programación I\Cliente\Debug\link.7156-cvtres.read.1.tlog
C:\Users\Juan\Documents\Taller de Programación I\Cliente\Debug\link.7156-cvtres.write.1.tlog
C:\Users\Juan\Documents\Taller de Programación I\Cliente\Debug\link.7156-rc.read.1.tlog
C:\Users\Juan\Documents\Taller de Programación I\Cliente\Debug\link.7156-rc.write.1.tlog
C:\Users\Juan\Documents\Taller de Programación I\Cliente\Debug\link.7156.read.1.tlog
C:\Users\Juan\Documents\Taller de Programación I\Cliente\Debug\link.7156.write.1.tlog
C:\Users\Juan\Documents\Taller de Programación I\Cliente\Debug\link.command.1.tlog
C:\Users\Juan\Documents\Taller de Programación I\Cliente\Debug\link.read.1.tlog
C:\Users\Juan\Documents\Taller de Programación I\Cliente\Debug\link.write.1.tlog
C:\Users\Juan\Documents\Taller de Programación I\Cliente\Debug\vc110.idb
C:\Users\Juan\Documents\Taller de Programación I\Cliente\Debug\TpWorms.pdb
C:\Users\Juan\Documents\Taller de Programación I\Cliente\Debug\vc110.pdb
C:\Users\Juan\Documents\Taller de Programación I\Cliente\Debug\TpWorms.exe
